\BOOKMARK [1][-]{section.1}{Introduction}{}% 1
\BOOKMARK [2][-]{subsection.1.1}{Motivation}{section.1}% 2
\BOOKMARK [1][-]{section.2}{Background}{}% 3
\BOOKMARK [2][-]{subsection.2.1}{Related Work}{section.2}% 4
\BOOKMARK [1][-]{section.3}{Design}{}% 5
\BOOKMARK [2][-]{subsection.3.1}{Formulation of MDP}{section.3}% 6
\BOOKMARK [2][-]{subsection.3.2}{Environments}{section.3}% 7
\BOOKMARK [2][-]{subsection.3.3}{Generation of Optimal data}{section.3}% 8
\BOOKMARK [3][-]{subsubsection.3.3.1}{Algorithm}{subsection.3.3}% 9
\BOOKMARK [2][-]{subsection.3.4}{Inference of Parameters for Heuristics}{section.3}% 10
\BOOKMARK [3][-]{subsubsection.3.4.1}{Inference from Optimal Data}{subsection.3.4}% 11
\BOOKMARK [3][-]{subsubsection.3.4.2}{Inference from Human Data}{subsection.3.4}% 12
\BOOKMARK [3][-]{subsubsection.3.4.3}{Common Algorithm Input : \(alpha, beta, decisions, rewards\), output: \(parameter value\)}{subsection.3.4}% 13
\BOOKMARK [1][-]{section.4}{Lessons learnt}{}% 14
\BOOKMARK [1][-]{section.5}{Results}{}% 15
\BOOKMARK [2][-]{subsection.5.1}{Parameters by inference from optimal data}{section.5}% 16
\BOOKMARK [2][-]{subsection.5.2}{Parameters by inference from human data}{section.5}% 17
\BOOKMARK [2][-]{subsection.5.3}{Match Percentage}{section.5}% 18
\BOOKMARK [3][-]{subsubsection.5.3.1}{Comparison with optimal data}{subsection.5.3}% 19
\BOOKMARK [3][-]{subsubsection.5.3.2}{Comparison with human data}{subsection.5.3}% 20
\BOOKMARK [1][-]{section.6}{Conclusions}{}% 21
\BOOKMARK [1][-]{appendix.A}{Appendix}{}% 22
